2026-06-18 18:33:32,012 INFO o.a.j.u.JMeterUtils: Setting Locale to en_EN
2026-06-18 18:33:32,048 INFO o.a.j.JMeter: Loading user properties from: /opt/homebrew/Cellar/jmeter/5.6.3/libexec/bin/user.properties
2026-06-18 18:33:32,048 INFO o.a.j.JMeter: Loading system properties from: /opt/homebrew/Cellar/jmeter/5.6.3/libexec/bin/system.properties
2026-06-18 18:33:32,055 INFO o.a.j.JMeter: Copyright (c) 1998-2024 The Apache Software Foundation
2026-06-18 18:33:32,055 INFO o.a.j.JMeter: Version 5.6.3
2026-06-18 18:33:32,055 INFO o.a.j.JMeter: java.version=21.0.11
2026-06-18 18:33:32,055 INFO o.a.j.JMeter: java.vm.name=OpenJDK 64-Bit Server VM
2026-06-18 18:33:32,055 INFO o.a.j.JMeter: os.name=Mac OS X
2026-06-18 18:33:32,055 INFO o.a.j.JMeter: os.arch=aarch64
2026-06-18 18:33:32,055 INFO o.a.j.JMeter: os.version=26.3.1
2026-06-18 18:33:32,055 INFO o.a.j.JMeter: file.encoding=UTF-8
2026-06-18 18:33:32,055 INFO o.a.j.JMeter: java.awt.headless=null
2026-06-18 18:33:32,055 INFO o.a.j.JMeter: Max memory     =1073741824
2026-06-18 18:33:32,055 INFO o.a.j.JMeter: Available Processors =8
2026-06-18 18:33:32,067 INFO o.a.j.JMeter: Default Locale=English (EN)
2026-06-18 18:33:32,067 INFO o.a.j.JMeter: JMeter  Locale=English (EN)
2026-06-18 18:33:32,067 INFO o.a.j.JMeter: JMeterHome=/opt/homebrew/Cellar/jmeter/5.6.3/libexec
2026-06-18 18:33:32,067 INFO o.a.j.JMeter: user.dir  =/Users/mahajanpiyush/Desktop/redbus-master
2026-06-18 18:33:32,067 INFO o.a.j.JMeter: PWD       =/Users/mahajanpiyush/Desktop/redbus-master
2026-06-18 18:33:32,087 INFO o.a.j.JMeter: IP: 192.168.1.9 Name: 192.168.1.9 FullName: 192.168.1.9
2026-06-18 18:33:32,097 INFO o.a.j.JMeter: Loaded icon properties from org/apache/jmeter/images/icon.properties
2026-06-18 18:33:33,118 INFO o.a.j.JMeterGuiLauncher: Setting LAF to: com.github.weisj.darklaf.DarkLaf:com.github.weisj.darklaf.theme.DarculaTheme
2026-06-18 18:33:35,689 INFO o.a.j.r.ClassFinder: Will scan jar /opt/homebrew/Cellar/jmeter/5.6.3/libexec/lib/ext/jmeter-plugins-manager-1.9.jar with filter ExtendsClassFilter [parents=[interface org.apache.jmeter.gui.action.Command], inner=false, contains=null, notContains=null]. Consider exposing JMeter plugins via META-INF/services, and add JMeter-Skip-Class-Scanning=true manifest attribute so JMeter can skip classfile scanning
2026-06-18 18:33:35,830 INFO o.a.j.r.ClassFinder: Will scan jar /opt/homebrew/Cellar/jmeter/5.6.3/libexec/lib/ext/jmeter-plugins-manager-1.9.jar with filter ExtendsClassFilter [parents=[interface org.apache.jmeter.gui.plugin.MenuCreator], inner=false, contains=null, notContains=null]. Consider exposing JMeter plugins via META-INF/services, and add JMeter-Skip-Class-Scanning=true manifest attribute so JMeter can skip classfile scanning
2026-06-18 18:33:35,919 INFO o.j.r.JARSourceHTTP: Requesting https://jmeter-plugins.org/repo/?installID=mac_os_x-73767974b600990f87d0b67634d6206f-gui
2026-06-18 18:33:37,226 INFO o.a.j.JMeterGuiLauncher: Loading file: jmeter-tests/redbus-api-load-test.jmx
2026-06-18 18:33:37,228 INFO o.a.j.s.FileServer: Default base='/Users/mahajanpiyush/Desktop/redbus-master'
2026-06-18 18:33:37,228 INFO o.a.j.s.FileServer: Set new base='/Users/mahajanpiyush/Desktop/redbus-master/jmeter-tests'
2026-06-18 18:33:37,373 INFO o.a.j.s.SaveService: Testplan (JMX) version: 2.2. Testlog (JTL) version: 2.2
2026-06-18 18:33:37,381 INFO o.a.j.s.SaveService: Using SaveService properties version 5.0
2026-06-18 18:33:37,383 INFO o.a.j.s.SaveService: Using SaveService properties file encoding UTF-8
2026-06-18 18:33:37,385 INFO o.a.j.s.SaveService: Loading file: jmeter-tests/redbus-api-load-test.jmx
2026-06-18 18:33:37,453 INFO o.a.j.p.h.s.HTTPSamplerBase: Parser for text/html is org.apache.jmeter.protocol.http.parser.LagartoBasedHtmlParser
2026-06-18 18:33:37,453 INFO o.a.j.p.h.s.HTTPSamplerBase: Parser for application/xhtml+xml is org.apache.jmeter.protocol.http.parser.LagartoBasedHtmlParser
2026-06-18 18:33:37,453 INFO o.a.j.p.h.s.HTTPSamplerBase: Parser for application/xml is org.apache.jmeter.protocol.http.parser.LagartoBasedHtmlParser
2026-06-18 18:33:37,453 INFO o.a.j.p.h.s.HTTPSamplerBase: Parser for text/xml is org.apache.jmeter.protocol.http.parser.LagartoBasedHtmlParser
2026-06-18 18:33:37,453 INFO o.a.j.p.h.s.HTTPSamplerBase: Parser for text/vnd.wap.wml is org.apache.jmeter.protocol.http.parser.RegexpHTMLParser
2026-06-18 18:33:37,453 INFO o.a.j.p.h.s.HTTPSamplerBase: Parser for text/css is org.apache.jmeter.protocol.http.parser.CssParser
2026-06-18 18:33:37,498 INFO o.a.j.s.FileServer: Set new base='/Users/mahajanpiyush/Desktop/redbus-master/jmeter-tests'
2026-06-18 18:33:37,655 INFO o.a.j.s.SampleResult: Note: Sample TimeStamps are START times
2026-06-18 18:33:37,655 INFO o.a.j.s.SampleResult: sampleresult.default.encoding is set to UTF-8
2026-06-18 18:33:37,655 INFO o.a.j.s.SampleResult: sampleresult.useNanoTime=true
2026-06-18 18:33:37,655 INFO o.a.j.s.SampleResult: sampleresult.nanoThreadSleep=5000
2026-06-18 18:33:37,736 INFO o.a.j.r.ClassFinder: Will scan jar /opt/homebrew/Cellar/jmeter/5.6.3/libexec/lib/ext/jmeter-plugins-manager-1.9.jar with filter ExtendsClassFilter [parents=[interface org.apache.jmeter.visualizers.ResultRenderer], inner=false, contains=null, notContains=null]. Consider exposing JMeter plugins via META-INF/services, and add JMeter-Skip-Class-Scanning=true manifest attribute so JMeter can skip classfile scanning
2026-06-18 18:33:37,753 INFO o.a.j.r.ClassFinder: Will scan jar /opt/homebrew/Cellar/jmeter/5.6.3/libexec/lib/ext/jmeter-plugins-manager-1.9.jar with filter ExtendsClassFilter [parents=[interface org.apache.jmeter.visualizers.RequestView], inner=false, contains=null, notContains=null]. Consider exposing JMeter plugins via META-INF/services, and add JMeter-Skip-Class-Scanning=true manifest attribute so JMeter can skip classfile scanning
2026-06-18 18:33:38,559 INFO o.j.r.PluginManager: Plugins Status: [jpgc-plugins-manager=1.9, jmeter-core=5.6.3, jmeter-ftp=5.6.3, jmeter-http=5.6.3, jmeter-jdbc=5.6.3, jmeter-jms=5.6.3, jmeter-junit=5.6.3, jmeter-java=5.6.3, jmeter-ldap=5.6.3, jmeter-mail=5.6.3, jmeter-mongodb=5.6.3, jmeter-native=5.6.3, jmeter-tcp=5.6.3, jmeter-components=5.6.3]
2026-06-18 18:33:38,560 INFO o.j.r.PluginManagerMenuItem: Plugins Manager has upgrades: [jpgc-plugins-manager]
2026-06-18 18:34:03,211 INFO o.a.j.e.StandardJMeterEngine: Running the test!
2026-06-18 18:34:03,212 INFO o.a.j.s.SampleEvent: List of sample_variables: []
2026-06-18 18:34:03,212 INFO o.a.j.s.SampleEvent: List of sample_variables: []
2026-06-18 18:34:03,213 INFO o.a.j.e.u.CompoundVariable: Note: Function class names must contain the string: '.functions.'
2026-06-18 18:34:03,213 INFO o.a.j.e.u.CompoundVariable: Note: Function class names must not contain the string: '.gui.'
2026-06-18 18:34:03,252 INFO o.a.j.r.ClassFinder: Will scan jar /opt/homebrew/Cellar/jmeter/5.6.3/libexec/lib/ext/jmeter-plugins-manager-1.9.jar with filter ExtendsClassFilter [parents=[interface org.apache.jmeter.functions.Function], inner=false, contains=null, notContains=null]. Consider exposing JMeter plugins via META-INF/services, and add JMeter-Skip-Class-Scanning=true manifest attribute so JMeter can skip classfile scanning
2026-06-18 18:34:03,259 INFO o.a.j.g.u.JMeterMenuBar: setRunning(true, *local*)
2026-06-18 18:34:03,285 INFO o.a.j.e.StandardJMeterEngine: Starting ThreadGroup: 1 : API Load Thread Group
2026-06-18 18:34:03,285 INFO o.a.j.e.StandardJMeterEngine: Starting 10 threads for group API Load Thread Group.
2026-06-18 18:34:03,285 INFO o.a.j.e.StandardJMeterEngine: Thread will continue on error
2026-06-18 18:34:03,285 INFO o.a.j.t.ThreadGroup: Starting thread group... number=1 threads=10 ramp-up=5 delayedStart=false
2026-06-18 18:34:03,289 INFO o.a.j.t.JMeterThread: Thread started: API Load Thread Group 1-1
2026-06-18 18:34:03,292 INFO o.a.j.t.ThreadGroup: Started thread group number 1
2026-06-18 18:34:03,293 INFO o.a.j.e.StandardJMeterEngine: All thread groups have been started
2026-06-18 18:34:03,299 INFO o.a.j.p.h.s.HTTPHCAbstractImpl: Local host = 192.168.1.9
2026-06-18 18:34:03,304 INFO o.a.j.p.h.s.HTTPHC4Impl: HTTP request retry count = 0
2026-06-18 18:34:03,792 INFO o.a.j.t.JMeterThread: Thread started: API Load Thread Group 1-2
2026-06-18 18:34:04,292 INFO o.a.j.t.JMeterThread: Thread started: API Load Thread Group 1-3
2026-06-18 18:34:04,789 INFO o.a.j.t.JMeterThread: Thread started: API Load Thread Group 1-4
2026-06-18 18:34:05,293 INFO o.a.j.t.JMeterThread: Thread started: API Load Thread Group 1-5
2026-06-18 18:34:05,792 INFO o.a.j.t.JMeterThread: Thread started: API Load Thread Group 1-6
2026-06-18 18:34:06,290 INFO o.a.j.t.JMeterThread: Thread started: API Load Thread Group 1-7
2026-06-18 18:34:06,787 INFO o.a.j.t.JMeterThread: Thread started: API Load Thread Group 1-8
2026-06-18 18:34:07,288 INFO o.a.j.t.JMeterThread: Thread started: API Load Thread Group 1-9
2026-06-18 18:34:07,789 INFO o.a.j.t.JMeterThread: Thread started: API Load Thread Group 1-10
2026-06-18 18:34:13,452 INFO o.a.j.t.JMeterThread: Thread is done: API Load Thread Group 1-2
2026-06-18 18:34:13,453 INFO o.a.j.t.JMeterThread: Thread finished: API Load Thread Group 1-2
2026-06-18 18:34:13,453 INFO o.a.j.t.JMeterThread: Thread is done: API Load Thread Group 1-1
2026-06-18 18:34:13,453 INFO o.a.j.t.JMeterThread: Thread finished: API Load Thread Group 1-1
2026-06-18 18:34:14,346 INFO o.a.j.t.JMeterThread: Thread is done: API Load Thread Group 1-3
2026-06-18 18:34:14,346 INFO o.a.j.t.JMeterThread: Thread finished: API Load Thread Group 1-3
2026-06-18 18:34:14,551 INFO o.a.j.t.JMeterThread: Thread is done: API Load Thread Group 1-5
2026-06-18 18:34:14,551 INFO o.a.j.t.JMeterThread: Thread finished: API Load Thread Group 1-5
2026-06-18 18:34:14,701 INFO o.a.j.t.JMeterThread: Thread is done: API Load Thread Group 1-4
2026-06-18 18:34:14,701 INFO o.a.j.t.JMeterThread: Thread finished: API Load Thread Group 1-4
2026-06-18 18:34:14,787 INFO o.a.j.t.JMeterThread: Thread is done: API Load Thread Group 1-6
2026-06-18 18:34:14,787 INFO o.a.j.t.JMeterThread: Thread finished: API Load Thread Group 1-6
2026-06-18 18:34:15,585 INFO o.a.j.t.JMeterThread: Thread is done: API Load Thread Group 1-7
2026-06-18 18:34:15,585 INFO o.a.j.t.JMeterThread: Thread finished: API Load Thread Group 1-7
2026-06-18 18:34:16,681 INFO o.a.j.t.JMeterThread: Thread is done: API Load Thread Group 1-8
2026-06-18 18:34:16,681 INFO o.a.j.t.JMeterThread: Thread finished: API Load Thread Group 1-8
2026-06-18 18:34:17,231 INFO o.a.j.t.JMeterThread: Thread is done: API Load Thread Group 1-10
2026-06-18 18:34:17,231 INFO o.a.j.t.JMeterThread: Thread finished: API Load Thread Group 1-10
2026-06-18 18:34:18,312 INFO o.a.j.t.JMeterThread: Thread is done: API Load Thread Group 1-9
2026-06-18 18:34:18,312 INFO o.a.j.t.JMeterThread: Thread finished: API Load Thread Group 1-9
2026-06-18 18:34:18,312 INFO o.a.j.e.StandardJMeterEngine: Notifying test listeners of end of test
2026-06-18 18:34:18,313 INFO o.a.j.g.u.JMeterMenuBar: setRunning(false, *local*)
